2021-07-22T14:52:06+00:00 CRITICAL Uncaught ArgumentCountError: Too few arguments to function Gutentor_Extend_Api::alter_cart_link(), 2 passed in C:\laragon\www\ird\raaga\raaga\raaga\wp-includes\class-wp-hook.php on line 303 and exactly 3 expected in C:\laragon\www\ird\raaga\raaga\raaga\wp-content\plugins\gutentor\includes\tools\class-gutentor-extend-api.php:272
Stack trace:
#0 C:\laragon\www\ird\raaga\raaga\raaga\wp-includes\class-wp-hook.php(303): Gutentor_Extend_Api->alter_cart_link('<a href="https:...', Object(WC_Product_Simple))
#1 C:\laragon\www\ird\raaga\raaga\raaga\wp-includes\plugin.php(189): WP_Hook->apply_filters('<a href="https:...', Array)
#2 C:\laragon\www\ird\raaga\raaga\raaga\wp-content\themes\elessi-theme\woocommerce\loop\add-to-cart.php(21): apply_filters('woocommerce_loo...', '<a href="https:...', Object(WC_Product_Simple))
#3 C:\laragon\www\ird\raaga\raaga\raaga\wp-content\plugins\woocommerce\includes\wc-core-functions.php(345): include('C:\\laragon\\www\\...')
#4 C:\laragon\www\ird\raaga\raaga\raaga\wp-content\themes\eless in C:\laragon\www\ird\raaga\raaga\raaga\wp-content\plugins\gutentor\includes\tools\class-gutentor-extend-api.php on line 272

2021-07-22T14:52:31+00:00 CRITICAL Uncaught ArgumentCountError: Too few arguments to function Gutentor_Extend_Api::alter_cart_link(), 2 passed in C:\laragon\www\ird\raaga\raaga\raaga\wp-includes\class-wp-hook.php on line 303 and exactly 3 expected in C:\laragon\www\ird\raaga\raaga\raaga\wp-content\plugins\gutentor\includes\tools\class-gutentor-extend-api.php:272
Stack trace:
#0 C:\laragon\www\ird\raaga\raaga\raaga\wp-includes\class-wp-hook.php(303): Gutentor_Extend_Api->alter_cart_link('<a href="https:...', Object(WC_Product_Simple))
#1 C:\laragon\www\ird\raaga\raaga\raaga\wp-includes\plugin.php(189): WP_Hook->apply_filters('<a href="https:...', Array)
#2 C:\laragon\www\ird\raaga\raaga\raaga\wp-content\themes\elessi-theme\woocommerce\loop\add-to-cart.php(21): apply_filters('woocommerce_loo...', '<a href="https:...', Object(WC_Product_Simple))
#3 C:\laragon\www\ird\raaga\raaga\raaga\wp-content\plugins\woocommerce\includes\wc-core-functions.php(345): include('C:\\laragon\\www\\...')
#4 C:\laragon\www\ird\raaga\raaga\raaga\wp-content\themes\eless in C:\laragon\www\ird\raaga\raaga\raaga\wp-content\plugins\gutentor\includes\tools\class-gutentor-extend-api.php on line 272

2021-07-22T14:52:51+00:00 CRITICAL Uncaught ArgumentCountError: Too few arguments to function Gutentor_Extend_Api::alter_cart_link(), 2 passed in C:\laragon\www\ird\raaga\raaga\raaga\wp-includes\class-wp-hook.php on line 303 and exactly 3 expected in C:\laragon\www\ird\raaga\raaga\raaga\wp-content\plugins\gutentor\includes\tools\class-gutentor-extend-api.php:272
Stack trace:
#0 C:\laragon\www\ird\raaga\raaga\raaga\wp-includes\class-wp-hook.php(303): Gutentor_Extend_Api->alter_cart_link('<a href="https:...', Object(WC_Product_Simple))
#1 C:\laragon\www\ird\raaga\raaga\raaga\wp-includes\plugin.php(189): WP_Hook->apply_filters('<a href="https:...', Array)
#2 C:\laragon\www\ird\raaga\raaga\raaga\wp-content\themes\elessi-theme\woocommerce\loop\add-to-cart.php(21): apply_filters('woocommerce_loo...', '<a href="https:...', Object(WC_Product_Simple))
#3 C:\laragon\www\ird\raaga\raaga\raaga\wp-content\plugins\woocommerce\includes\wc-core-functions.php(345): include('C:\\laragon\\www\\...')
#4 C:\laragon\www\ird\raaga\raaga\raaga\wp-content\themes\eless in C:\laragon\www\ird\raaga\raaga\raaga\wp-content\plugins\gutentor\includes\tools\class-gutentor-extend-api.php on line 272

2021-07-22T14:53:32+00:00 CRITICAL Uncaught ArgumentCountError: Too few arguments to function Gutentor_Extend_Api::alter_cart_link(), 2 passed in C:\laragon\www\ird\raaga\raaga\raaga\wp-includes\class-wp-hook.php on line 303 and exactly 3 expected in C:\laragon\www\ird\raaga\raaga\raaga\wp-content\plugins\gutentor\includes\tools\class-gutentor-extend-api.php:272
Stack trace:
#0 C:\laragon\www\ird\raaga\raaga\raaga\wp-includes\class-wp-hook.php(303): Gutentor_Extend_Api->alter_cart_link('<a href="https:...', Object(WC_Product_Simple))
#1 C:\laragon\www\ird\raaga\raaga\raaga\wp-includes\plugin.php(189): WP_Hook->apply_filters('<a href="https:...', Array)
#2 C:\laragon\www\ird\raaga\raaga\raaga\wp-content\themes\elessi-theme\woocommerce\loop\add-to-cart.php(21): apply_filters('woocommerce_loo...', '<a href="https:...', Object(WC_Product_Simple))
#3 C:\laragon\www\ird\raaga\raaga\raaga\wp-content\plugins\woocommerce\includes\wc-core-functions.php(345): include('C:\\laragon\\www\\...')
#4 C:\laragon\www\ird\raaga\raaga\raaga\wp-content\themes\eless in C:\laragon\www\ird\raaga\raaga\raaga\wp-content\plugins\gutentor\includes\tools\class-gutentor-extend-api.php on line 272

2021-07-22T14:53:44+00:00 CRITICAL Uncaught ArgumentCountError: Too few arguments to function Gutentor_Extend_Api::alter_cart_link(), 2 passed in C:\laragon\www\ird\raaga\raaga\raaga\wp-includes\class-wp-hook.php on line 303 and exactly 3 expected in C:\laragon\www\ird\raaga\raaga\raaga\wp-content\plugins\gutentor\includes\tools\class-gutentor-extend-api.php:272
Stack trace:
#0 C:\laragon\www\ird\raaga\raaga\raaga\wp-includes\class-wp-hook.php(303): Gutentor_Extend_Api->alter_cart_link('<a href="https:...', Object(WC_Product_Simple))
#1 C:\laragon\www\ird\raaga\raaga\raaga\wp-includes\plugin.php(189): WP_Hook->apply_filters('<a href="https:...', Array)
#2 C:\laragon\www\ird\raaga\raaga\raaga\wp-content\themes\elessi-theme\woocommerce\loop\add-to-cart.php(21): apply_filters('woocommerce_loo...', '<a href="https:...', Object(WC_Product_Simple))
#3 C:\laragon\www\ird\raaga\raaga\raaga\wp-content\plugins\woocommerce\includes\wc-core-functions.php(345): include('C:\\laragon\\www\\...')
#4 C:\laragon\www\ird\raaga\raaga\raaga\wp-content\themes\eless in C:\laragon\www\ird\raaga\raaga\raaga\wp-content\plugins\gutentor\includes\tools\class-gutentor-extend-api.php on line 272

2021-07-22T14:54:20+00:00 CRITICAL Uncaught ArgumentCountError: Too few arguments to function Gutentor_Extend_Api::alter_cart_link(), 2 passed in C:\laragon\www\ird\raaga\raaga\raaga\wp-includes\class-wp-hook.php on line 303 and exactly 3 expected in C:\laragon\www\ird\raaga\raaga\raaga\wp-content\plugins\gutentor\includes\tools\class-gutentor-extend-api.php:272
Stack trace:
#0 C:\laragon\www\ird\raaga\raaga\raaga\wp-includes\class-wp-hook.php(303): Gutentor_Extend_Api->alter_cart_link('<a href="https:...', Object(WC_Product_Simple))
#1 C:\laragon\www\ird\raaga\raaga\raaga\wp-includes\plugin.php(189): WP_Hook->apply_filters('<a href="https:...', Array)
#2 C:\laragon\www\ird\raaga\raaga\raaga\wp-content\themes\elessi-theme\woocommerce\loop\add-to-cart.php(21): apply_filters('woocommerce_loo...', '<a href="https:...', Object(WC_Product_Simple))
#3 C:\laragon\www\ird\raaga\raaga\raaga\wp-content\plugins\woocommerce\includes\wc-core-functions.php(345): include('C:\\laragon\\www\\...')
#4 C:\laragon\www\ird\raaga\raaga\raaga\wp-content\themes\eless in C:\laragon\www\ird\raaga\raaga\raaga\wp-content\plugins\gutentor\includes\tools\class-gutentor-extend-api.php on line 272

2021-07-22T14:54:42+00:00 CRITICAL Uncaught ArgumentCountError: Too few arguments to function Gutentor_Extend_Api::alter_cart_link(), 2 passed in C:\laragon\www\ird\raaga\raaga\raaga\wp-includes\class-wp-hook.php on line 303 and exactly 3 expected in C:\laragon\www\ird\raaga\raaga\raaga\wp-content\plugins\gutentor\includes\tools\class-gutentor-extend-api.php:272
Stack trace:
#0 C:\laragon\www\ird\raaga\raaga\raaga\wp-includes\class-wp-hook.php(303): Gutentor_Extend_Api->alter_cart_link('<a href="https:...', Object(WC_Product_Simple))
#1 C:\laragon\www\ird\raaga\raaga\raaga\wp-includes\plugin.php(189): WP_Hook->apply_filters('<a href="https:...', Array)
#2 C:\laragon\www\ird\raaga\raaga\raaga\wp-content\themes\elessi-theme\woocommerce\loop\add-to-cart.php(21): apply_filters('woocommerce_loo...', '<a href="https:...', Object(WC_Product_Simple))
#3 C:\laragon\www\ird\raaga\raaga\raaga\wp-content\plugins\woocommerce\includes\wc-core-functions.php(345): include('C:\\laragon\\www\\...')
#4 C:\laragon\www\ird\raaga\raaga\raaga\wp-content\themes\eless in C:\laragon\www\ird\raaga\raaga\raaga\wp-content\plugins\gutentor\includes\tools\class-gutentor-extend-api.php on line 272

2021-07-22T14:56:03+00:00 CRITICAL Uncaught ArgumentCountError: Too few arguments to function Gutentor_Extend_Api::alter_cart_link(), 2 passed in C:\laragon\www\ird\raaga\raaga\raaga\wp-includes\class-wp-hook.php on line 303 and exactly 3 expected in C:\laragon\www\ird\raaga\raaga\raaga\wp-content\plugins\gutentor\includes\tools\class-gutentor-extend-api.php:272
Stack trace:
#0 C:\laragon\www\ird\raaga\raaga\raaga\wp-includes\class-wp-hook.php(303): Gutentor_Extend_Api->alter_cart_link('<a href="https:...', Object(WC_Product_Simple))
#1 C:\laragon\www\ird\raaga\raaga\raaga\wp-includes\plugin.php(189): WP_Hook->apply_filters('<a href="https:...', Array)
#2 C:\laragon\www\ird\raaga\raaga\raaga\wp-content\themes\elessi-theme\woocommerce\loop\add-to-cart.php(21): apply_filters('woocommerce_loo...', '<a href="https:...', Object(WC_Product_Simple))
#3 C:\laragon\www\ird\raaga\raaga\raaga\wp-content\plugins\woocommerce\includes\wc-core-functions.php(345): include('C:\\laragon\\www\\...')
#4 C:\laragon\www\ird\raaga\raaga\raaga\wp-content\themes\eless in C:\laragon\www\ird\raaga\raaga\raaga\wp-content\plugins\gutentor\includes\tools\class-gutentor-extend-api.php on line 272

2021-07-22T14:56:16+00:00 CRITICAL Uncaught ArgumentCountError: Too few arguments to function Gutentor_Extend_Api::alter_cart_link(), 2 passed in C:\laragon\www\ird\raaga\raaga\raaga\wp-includes\class-wp-hook.php on line 303 and exactly 3 expected in C:\laragon\www\ird\raaga\raaga\raaga\wp-content\plugins\gutentor\includes\tools\class-gutentor-extend-api.php:272
Stack trace:
#0 C:\laragon\www\ird\raaga\raaga\raaga\wp-includes\class-wp-hook.php(303): Gutentor_Extend_Api->alter_cart_link('<a href="https:...', Object(WC_Product_Simple))
#1 C:\laragon\www\ird\raaga\raaga\raaga\wp-includes\plugin.php(189): WP_Hook->apply_filters('<a href="https:...', Array)
#2 C:\laragon\www\ird\raaga\raaga\raaga\wp-content\themes\elessi-theme\woocommerce\loop\add-to-cart.php(21): apply_filters('woocommerce_loo...', '<a href="https:...', Object(WC_Product_Simple))
#3 C:\laragon\www\ird\raaga\raaga\raaga\wp-content\plugins\woocommerce\includes\wc-core-functions.php(345): include('C:\\laragon\\www\\...')
#4 C:\laragon\www\ird\raaga\raaga\raaga\wp-content\themes\eless in C:\laragon\www\ird\raaga\raaga\raaga\wp-content\plugins\gutentor\includes\tools\class-gutentor-extend-api.php on line 272

2021-07-22T14:56:28+00:00 CRITICAL Uncaught ArgumentCountError: Too few arguments to function Gutentor_Extend_Api::alter_cart_link(), 2 passed in C:\laragon\www\ird\raaga\raaga\raaga\wp-includes\class-wp-hook.php on line 303 and exactly 3 expected in C:\laragon\www\ird\raaga\raaga\raaga\wp-content\plugins\gutentor\includes\tools\class-gutentor-extend-api.php:272
Stack trace:
#0 C:\laragon\www\ird\raaga\raaga\raaga\wp-includes\class-wp-hook.php(303): Gutentor_Extend_Api->alter_cart_link('<a href="https:...', Object(WC_Product_Simple))
#1 C:\laragon\www\ird\raaga\raaga\raaga\wp-includes\plugin.php(189): WP_Hook->apply_filters('<a href="https:...', Array)
#2 C:\laragon\www\ird\raaga\raaga\raaga\wp-content\themes\elessi-theme\woocommerce\loop\add-to-cart.php(21): apply_filters('woocommerce_loo...', '<a href="https:...', Object(WC_Product_Simple))
#3 C:\laragon\www\ird\raaga\raaga\raaga\wp-content\plugins\woocommerce\includes\wc-core-functions.php(345): include('C:\\laragon\\www\\...')
#4 C:\laragon\www\ird\raaga\raaga\raaga\wp-content\themes\eless in C:\laragon\www\ird\raaga\raaga\raaga\wp-content\plugins\gutentor\includes\tools\class-gutentor-extend-api.php on line 272

2021-07-22T14:56:29+00:00 CRITICAL Uncaught ArgumentCountError: Too few arguments to function Gutentor_Extend_Api::alter_cart_link(), 2 passed in C:\laragon\www\ird\raaga\raaga\raaga\wp-includes\class-wp-hook.php on line 303 and exactly 3 expected in C:\laragon\www\ird\raaga\raaga\raaga\wp-content\plugins\gutentor\includes\tools\class-gutentor-extend-api.php:272
Stack trace:
#0 C:\laragon\www\ird\raaga\raaga\raaga\wp-includes\class-wp-hook.php(303): Gutentor_Extend_Api->alter_cart_link('<a href="https:...', Object(WC_Product_Simple))
#1 C:\laragon\www\ird\raaga\raaga\raaga\wp-includes\plugin.php(189): WP_Hook->apply_filters('<a href="https:...', Array)
#2 C:\laragon\www\ird\raaga\raaga\raaga\wp-content\themes\elessi-theme\woocommerce\loop\add-to-cart.php(21): apply_filters('woocommerce_loo...', '<a href="https:...', Object(WC_Product_Simple))
#3 C:\laragon\www\ird\raaga\raaga\raaga\wp-content\plugins\woocommerce\includes\wc-core-functions.php(345): include('C:\\laragon\\www\\...')
#4 C:\laragon\www\ird\raaga\raaga\raaga\wp-content\themes\eless in C:\laragon\www\ird\raaga\raaga\raaga\wp-content\plugins\gutentor\includes\tools\class-gutentor-extend-api.php on line 272

2021-07-22T14:56:41+00:00 CRITICAL Uncaught ArgumentCountError: Too few arguments to function Gutentor_Extend_Api::alter_cart_link(), 2 passed in C:\laragon\www\ird\raaga\raaga\raaga\wp-includes\class-wp-hook.php on line 303 and exactly 3 expected in C:\laragon\www\ird\raaga\raaga\raaga\wp-content\plugins\gutentor\includes\tools\class-gutentor-extend-api.php:272
Stack trace:
#0 C:\laragon\www\ird\raaga\raaga\raaga\wp-includes\class-wp-hook.php(303): Gutentor_Extend_Api->alter_cart_link('<a href="https:...', Object(WC_Product_Simple))
#1 C:\laragon\www\ird\raaga\raaga\raaga\wp-includes\plugin.php(189): WP_Hook->apply_filters('<a href="https:...', Array)
#2 C:\laragon\www\ird\raaga\raaga\raaga\wp-content\themes\elessi-theme\woocommerce\loop\add-to-cart.php(21): apply_filters('woocommerce_loo...', '<a href="https:...', Object(WC_Product_Simple))
#3 C:\laragon\www\ird\raaga\raaga\raaga\wp-content\plugins\woocommerce\includes\wc-core-functions.php(345): include('C:\\laragon\\www\\...')
#4 C:\laragon\www\ird\raaga\raaga\raaga\wp-content\themes\eless in C:\laragon\www\ird\raaga\raaga\raaga\wp-content\plugins\gutentor\includes\tools\class-gutentor-extend-api.php on line 272

2021-07-22T14:56:47+00:00 CRITICAL Uncaught ArgumentCountError: Too few arguments to function Gutentor_Extend_Api::alter_cart_link(), 2 passed in C:\laragon\www\ird\raaga\raaga\raaga\wp-includes\class-wp-hook.php on line 303 and exactly 3 expected in C:\laragon\www\ird\raaga\raaga\raaga\wp-content\plugins\gutentor\includes\tools\class-gutentor-extend-api.php:272
Stack trace:
#0 C:\laragon\www\ird\raaga\raaga\raaga\wp-includes\class-wp-hook.php(303): Gutentor_Extend_Api->alter_cart_link('<a href="https:...', Object(WC_Product_Simple))
#1 C:\laragon\www\ird\raaga\raaga\raaga\wp-includes\plugin.php(189): WP_Hook->apply_filters('<a href="https:...', Array)
#2 C:\laragon\www\ird\raaga\raaga\raaga\wp-content\themes\elessi-theme\woocommerce\loop\add-to-cart.php(21): apply_filters('woocommerce_loo...', '<a href="https:...', Object(WC_Product_Simple))
#3 C:\laragon\www\ird\raaga\raaga\raaga\wp-content\plugins\woocommerce\includes\wc-core-functions.php(345): include('C:\\laragon\\www\\...')
#4 C:\laragon\www\ird\raaga\raaga\raaga\wp-content\themes\eless in C:\laragon\www\ird\raaga\raaga\raaga\wp-content\plugins\gutentor\includes\tools\class-gutentor-extend-api.php on line 272

2021-07-22T14:56:47+00:00 CRITICAL Uncaught ArgumentCountError: Too few arguments to function Gutentor_Extend_Api::alter_cart_link(), 2 passed in C:\laragon\www\ird\raaga\raaga\raaga\wp-includes\class-wp-hook.php on line 303 and exactly 3 expected in C:\laragon\www\ird\raaga\raaga\raaga\wp-content\plugins\gutentor\includes\tools\class-gutentor-extend-api.php:272
Stack trace:
#0 C:\laragon\www\ird\raaga\raaga\raaga\wp-includes\class-wp-hook.php(303): Gutentor_Extend_Api->alter_cart_link('<a href="https:...', Object(WC_Product_Simple))
#1 C:\laragon\www\ird\raaga\raaga\raaga\wp-includes\plugin.php(189): WP_Hook->apply_filters('<a href="https:...', Array)
#2 C:\laragon\www\ird\raaga\raaga\raaga\wp-content\themes\elessi-theme\woocommerce\loop\add-to-cart.php(21): apply_filters('woocommerce_loo...', '<a href="https:...', Object(WC_Product_Simple))
#3 C:\laragon\www\ird\raaga\raaga\raaga\wp-content\plugins\woocommerce\includes\wc-core-functions.php(345): include('C:\\laragon\\www\\...')
#4 C:\laragon\www\ird\raaga\raaga\raaga\wp-content\themes\eless in C:\laragon\www\ird\raaga\raaga\raaga\wp-content\plugins\gutentor\includes\tools\class-gutentor-extend-api.php on line 272

2021-07-22T14:57:20+00:00 CRITICAL Uncaught ArgumentCountError: Too few arguments to function Gutentor_Extend_Api::alter_cart_link(), 2 passed in C:\laragon\www\ird\raaga\raaga\raaga\wp-includes\class-wp-hook.php on line 303 and exactly 3 expected in C:\laragon\www\ird\raaga\raaga\raaga\wp-content\plugins\gutentor\includes\tools\class-gutentor-extend-api.php:272
Stack trace:
#0 C:\laragon\www\ird\raaga\raaga\raaga\wp-includes\class-wp-hook.php(303): Gutentor_Extend_Api->alter_cart_link('<a href="https:...', Object(WC_Product_Simple))
#1 C:\laragon\www\ird\raaga\raaga\raaga\wp-includes\plugin.php(189): WP_Hook->apply_filters('<a href="https:...', Array)
#2 C:\laragon\www\ird\raaga\raaga\raaga\wp-content\themes\elessi-theme\woocommerce\loop\add-to-cart.php(21): apply_filters('woocommerce_loo...', '<a href="https:...', Object(WC_Product_Simple))
#3 C:\laragon\www\ird\raaga\raaga\raaga\wp-content\plugins\woocommerce\includes\wc-core-functions.php(345): include('C:\\laragon\\www\\...')
#4 C:\laragon\www\ird\raaga\raaga\raaga\wp-content\themes\eless in C:\laragon\www\ird\raaga\raaga\raaga\wp-content\plugins\gutentor\includes\tools\class-gutentor-extend-api.php on line 272

2021-07-22T14:57:30+00:00 CRITICAL Uncaught ArgumentCountError: Too few arguments to function Gutentor_Extend_Api::alter_cart_link(), 2 passed in C:\laragon\www\ird\raaga\raaga\raaga\wp-includes\class-wp-hook.php on line 303 and exactly 3 expected in C:\laragon\www\ird\raaga\raaga\raaga\wp-content\plugins\gutentor\includes\tools\class-gutentor-extend-api.php:272
Stack trace:
#0 C:\laragon\www\ird\raaga\raaga\raaga\wp-includes\class-wp-hook.php(303): Gutentor_Extend_Api->alter_cart_link('<a href="https:...', Object(WC_Product_Simple))
#1 C:\laragon\www\ird\raaga\raaga\raaga\wp-includes\plugin.php(189): WP_Hook->apply_filters('<a href="https:...', Array)
#2 C:\laragon\www\ird\raaga\raaga\raaga\wp-content\themes\elessi-theme\woocommerce\loop\add-to-cart.php(21): apply_filters('woocommerce_loo...', '<a href="https:...', Object(WC_Product_Simple))
#3 C:\laragon\www\ird\raaga\raaga\raaga\wp-content\plugins\woocommerce\includes\wc-core-functions.php(345): include('C:\\laragon\\www\\...')
#4 C:\laragon\www\ird\raaga\raaga\raaga\wp-content\themes\eless in C:\laragon\www\ird\raaga\raaga\raaga\wp-content\plugins\gutentor\includes\tools\class-gutentor-extend-api.php on line 272

2021-07-22T15:00:24+00:00 CRITICAL Uncaught ArgumentCountError: Too few arguments to function Gutentor_Extend_Api::alter_cart_link(), 2 passed in C:\laragon\www\ird\raaga\raaga\raaga\wp-includes\class-wp-hook.php on line 303 and exactly 3 expected in C:\laragon\www\ird\raaga\raaga\raaga\wp-content\plugins\gutentor\includes\tools\class-gutentor-extend-api.php:272
Stack trace:
#0 C:\laragon\www\ird\raaga\raaga\raaga\wp-includes\class-wp-hook.php(303): Gutentor_Extend_Api->alter_cart_link('<a href="https:...', Object(WC_Product_Simple))
#1 C:\laragon\www\ird\raaga\raaga\raaga\wp-includes\plugin.php(189): WP_Hook->apply_filters('<a href="https:...', Array)
#2 C:\laragon\www\ird\raaga\raaga\raaga\wp-content\themes\elessi-theme\woocommerce\loop\add-to-cart.php(21): apply_filters('woocommerce_loo...', '<a href="https:...', Object(WC_Product_Simple))
#3 C:\laragon\www\ird\raaga\raaga\raaga\wp-content\plugins\woocommerce\includes\wc-core-functions.php(345): include('C:\\laragon\\www\\...')
#4 C:\laragon\www\ird\raaga\raaga\raaga\wp-content\themes\eless in C:\laragon\www\ird\raaga\raaga\raaga\wp-content\plugins\gutentor\includes\tools\class-gutentor-extend-api.php on line 272

